<?xml version="1.0" encoding="UTF-8"?>
<!-- Generated by org.testng.reporters.JUnitXMLReporter -->
<testsuite ignored="9" hostname="LAPTOP-1E5DVH6K" failures="0" tests="1" name=" LoginPage" time="2.136" errors="0" timestamp="2022-09-08T18:27:23 IST">
  <testcase classname="com.Redipae.Testcases.LoginTest" name="TC_001_VerifyWithValidCredentials" time="1.876"/>
  <testcase classname="com.Redipae.Testcases.LoginTest" name="TC_008_Verifywith_NumericValues" time="0.0">
    <ignored/>
  </testcase> <!-- TC_008_Verifywith_NumericValues -->
  <testcase classname="com.Redipae.Testcases.LoginTest" name="clickLogout" time="0.0">
    <ignored/>
  </testcase> <!-- clickLogout -->
  <testcase classname="com.Redipae.Testcases.LoginTest" name="TC_002_Verifywith_INValidPassword" time="0.0">
    <ignored/>
  </testcase> <!-- TC_002_Verifywith_INValidPassword -->
  <testcase classname="com.Redipae.Testcases.LoginTest" name="TC_005_VerifyWithNull_Value" time="0.0">
    <ignored/>
  </testcase> <!-- TC_005_VerifyWithNull_Value -->
  <testcase classname="com.Redipae.Testcases.LoginTest" name="TC_009_Verifywith_SpecialCharacters" time="0.0">
    <ignored/>
  </testcase> <!-- TC_009_Verifywith_SpecialCharacters -->
  <testcase classname="com.Redipae.Testcases.LoginTest" name="TC_004_Verifywith_INValidCredentials" time="0.0">
    <ignored/>
  </testcase> <!-- TC_004_Verifywith_INValidCredentials -->
  <testcase classname="com.Redipae.Testcases.LoginTest" name="TC_007_VerifyWithNull_Value_in_Password" time="0.0">
    <ignored/>
  </testcase> <!-- TC_007_VerifyWithNull_Value_in_Password -->
  <testcase classname="com.Redipae.Testcases.LoginTest" name="TC_003_Verifywith_INValidUsername" time="0.0">
    <ignored/>
  </testcase> <!-- TC_003_Verifywith_INValidUsername -->
  <testcase classname="com.Redipae.Testcases.LoginTest" name="TC_006_VerifyWithNull_Value_in_Username" time="0.0">
    <ignored/>
  </testcase> <!-- TC_006_VerifyWithNull_Value_in_Username -->
</testsuite> <!--  LoginPage -->
