<?xml version="1.0" encoding="UTF-8"?>
<!-- Generated by org.testng.reporters.JUnitXMLReporter -->
<testsuite ignored="0" hostname="DESKTOP-L3M9CL3" failures="0" tests="10" name=" LoginPage" time="5.896" errors="0" timestamp="2022-10-20T11:58:20 IST">
  <testcase classname="com.Redipae.Testcases.LoginTest" name="TC_001_VerifyWithValidCredentials" time="1.012"/>
  <testcase classname="com.Redipae.Testcases.LoginTest" name="clickLogout" time="0.493"/>
  <testcase classname="com.Redipae.Testcases.LoginTest" name="TC_002_Verifywith_INValidPassword" time="0.473"/>
  <testcase classname="com.Redipae.Testcases.LoginTest" name="TC_003_Verifywith_INValidUsername" time="0.615"/>
  <testcase classname="com.Redipae.Testcases.LoginTest" name="TC_004_Verifywith_INValidCredentials" time="0.457"/>
  <testcase classname="com.Redipae.Testcases.LoginTest" name="TC_005_VerifyWithNull_Value" time="0.524"/>
  <testcase classname="com.Redipae.Testcases.LoginTest" name="TC_006_VerifyWithNull_Value_in_Username" time="0.659"/>
  <testcase classname="com.Redipae.Testcases.LoginTest" name="TC_007_VerifyWithNull_Value_in_Password" time="0.423"/>
  <testcase classname="com.Redipae.Testcases.LoginTest" name="TC_008_Verifywith_NumericValues" time="0.386"/>
  <testcase classname="com.Redipae.Testcases.LoginTest" name="TC_009_Verifywith_SpecialCharacters" time="0.635"/>
</testsuite> <!--  LoginPage -->
